app/build/intermediates/manifest_merge_blame_file/debug/manifest-merger-blame-debug-report.txt
1<?xml version="1.0" encoding="utf-8"?>
2<manifest xmlns:android="http://schemas.android.com/apk/res/android"
3    package="com.meals.app"
4    android:versionCode="1"
5    android:versionName="1.0.6" >
6
7    <uses-sdk
8        android:minSdkVersion="21"
8-->src\main\AndroidManifest.xml
9        android:targetSdkVersion="29" />
9-->src\main\AndroidManifest.xml
10
11    <uses-permission android:name="android.permission.READ_EXTERNAL_STORAGE" />
11-->src\main\AndroidManifest.xml:6:5-80
11-->src\main\AndroidManifest.xml:6:22-77
12    <uses-permission android:name="android.permission.INTERNET" />
12-->src\main\AndroidManifest.xml:7:5-67
12-->src\main\AndroidManifest.xml:7:22-64
13    <uses-permission android:name="android.permission.READ_PHONE_STATE" />
13-->src\main\AndroidManifest.xml:8:5-75
13-->src\main\AndroidManifest.xml:8:22-72
14    <uses-permission android:name="android.permission.ACCESS_WIFI_STATE" />
14-->src\main\AndroidManifest.xml:9:5-76
14-->src\main\AndroidManifest.xml:9:22-73
15    <uses-permission android:name="android.permission.ACCESS_NETWORK_STATE" />
15-->src\main\AndroidManifest.xml:10:5-79
15-->src\main\AndroidManifest.xml:10:22-76
16    <uses-permission android:name="android.permission.CAMERA" />
16-->src\main\AndroidManifest.xml:11:5-65
16-->src\main\AndroidManifest.xml:11:22-62
17    <uses-permission android:name="android.permission.ACCESS_COARSE_LOCATION" />
17-->src\main\AndroidManifest.xml:12:5-81
17-->src\main\AndroidManifest.xml:12:22-78
18    <uses-permission android:name="android.permission.ACCESS_FINE_LOCATION" />
18-->src\main\AndroidManifest.xml:13:5-79
18-->src\main\AndroidManifest.xml:13:22-76
19    <uses-permission android:name="android.permission.DOWNLOAD_WITHOUT_NOTIFICATION" />
19-->src\main\AndroidManifest.xml:14:5-88
19-->src\main\AndroidManifest.xml:14:22-85
20
21    <uses-feature android:name="android.hardware.camera" />
21-->src\main\AndroidManifest.xml:16:5-60
21-->src\main\AndroidManifest.xml:16:19-57
22    <uses-feature android:name="android.hardware.camera.autofocus" />
22-->src\main\AndroidManifest.xml:17:5-70
22-->src\main\AndroidManifest.xml:17:19-67
23
24    <queries>
24-->[com.github.chuckerteam.chucker:library:3.4.0] AndroidManifest.xml:7:5-13:15
25        <intent>
25-->[com.github.chuckerteam.chucker:library:3.4.0] AndroidManifest.xml:8:9-12:18
26            <action android:name="android.intent.action.CREATE_DOCUMENT" />
26-->[com.github.chuckerteam.chucker:library:3.4.0] AndroidManifest.xml:9:13-76
26-->[com.github.chuckerteam.chucker:library:3.4.0] AndroidManifest.xml:9:21-73
27
28            <data android:mimeType="*/*" />
28-->[com.github.chuckerteam.chucker:library:3.4.0] AndroidManifest.xml:11:13-44
28-->[com.github.chuckerteam.chucker:library:3.4.0] AndroidManifest.xml:11:19-41
29        </intent>
30    </queries>
31
32    <application
32-->src\main\AndroidManifest.xml:19:5-80:19
33        android:name="com.meals.app.MyApplication"
33-->src\main\AndroidManifest.xml:20:9-38
34        android:allowBackup="false"
34-->src\main\AndroidManifest.xml:21:9-36
35        android:appComponentFactory="androidx.core.app.CoreComponentFactory"
35-->[androidx.core:core:1.3.2] AndroidManifest.xml:24:18-86
36        android:debuggable="true"
37        android:fullBackupContent="false"
37-->src\main\AndroidManifest.xml:22:9-42
38        android:hardwareAccelerated="true"
38-->src\main\AndroidManifest.xml:23:9-43
39        android:icon="@mipmap/ic_launcher"
39-->src\main\AndroidManifest.xml:24:9-43
40        android:label="@string/app_name"
40-->src\main\AndroidManifest.xml:25:9-41
41        android:largeHeap="true"
41-->src\main\AndroidManifest.xml:26:9-33
42        android:networkSecurityConfig="@xml/network_security_config"
42-->src\main\AndroidManifest.xml:27:9-69
43        android:requestLegacyExternalStorage="true"
43-->src\main\AndroidManifest.xml:28:9-52
44        android:roundIcon="@mipmap/ic_launcher"
44-->src\main\AndroidManifest.xml:29:9-48
45        android:supportsRtl="true"
45-->src\main\AndroidManifest.xml:30:9-35
46        android:testOnly="true"
47        android:theme="@style/AppTheme"
47-->src\main\AndroidManifest.xml:31:9-40
48        android:usesCleartextTraffic="true" >
48-->src\main\AndroidManifest.xml:32:9-44
49        <meta-data
49-->src\main\AndroidManifest.xml:36:9-38:54
50            android:name="com.google.firebase.messaging.default_notification_icon"
50-->src\main\AndroidManifest.xml:37:13-83
51            android:resource="@mipmap/ic_launcher" />
51-->src\main\AndroidManifest.xml:38:13-51
52
53        <provider
53-->src\main\AndroidManifest.xml:40:9-50:20
54            android:name="androidx.core.content.FileProvider"
54-->src\main\AndroidManifest.xml:41:13-62
55            android:authorities="com.meals.app.provider"
55-->src\main\AndroidManifest.xml:42:13-57
56            android:exported="false"
56-->src\main\AndroidManifest.xml:43:13-37
57            android:grantUriPermissions="true" >
57-->src\main\AndroidManifest.xml:44:13-47
58            <meta-data
58-->src\main\AndroidManifest.xml:46:13-48:53
59                android:name="android.support.FILE_PROVIDER_PATHS"
59-->src\main\AndroidManifest.xml:47:17-67
60                android:resource="@xml/file_path" />
60-->src\main\AndroidManifest.xml:48:17-50
61        </provider>
62
63        <activity
63-->src\main\AndroidManifest.xml:52:9-63:20
64            android:name="com.meals.app.ui.splash.SplashActivity"
64-->src\main\AndroidManifest.xml:53:13-53
65            android:launchMode="standard"
65-->src\main\AndroidManifest.xml:54:13-42
66            android:screenOrientation="portrait"
66-->src\main\AndroidManifest.xml:55:13-49
67            android:theme="@style/AppTheme.NoActionBar" >
67-->src\main\AndroidManifest.xml:56:13-56
68            <intent-filter>
68-->src\main\AndroidManifest.xml:58:13-61:29
69                <action android:name="android.intent.action.MAIN" />
69-->src\main\AndroidManifest.xml:59:17-69
69-->src\main\AndroidManifest.xml:59:25-66
70
71                <category android:name="android.intent.category.LAUNCHER" />
71-->src\main\AndroidManifest.xml:60:17-77
71-->src\main\AndroidManifest.xml:60:27-74
72            </intent-filter>
73        </activity>
74        <activity
74-->src\main\AndroidManifest.xml:65:9-71:55
75            android:name="com.meals.app.ui.main.MainActivity"
75-->src\main\AndroidManifest.xml:66:13-49
76            android:label="@string/app_name"
76-->src\main\AndroidManifest.xml:67:13-45
77            android:launchMode="standard"
77-->src\main\AndroidManifest.xml:68:13-42
78            android:screenOrientation="portrait"
78-->src\main\AndroidManifest.xml:69:13-49
79            android:theme="@style/AppTheme.NoActionBar"
79-->src\main\AndroidManifest.xml:70:13-56
80            android:windowSoftInputMode="adjustPan" />
80-->src\main\AndroidManifest.xml:71:13-52
81        <activity
81-->src\main\AndroidManifest.xml:73:9-78:55
82            android:name="com.meals.app.ui.meal.detail.MealDetailActivity"
82-->src\main\AndroidManifest.xml:74:13-62
83            android:launchMode="singleTask"
83-->src\main\AndroidManifest.xml:75:13-44
84            android:screenOrientation="portrait"
84-->src\main\AndroidManifest.xml:76:13-49
85            android:theme="@style/AppTheme.NoActionBar"
85-->src\main\AndroidManifest.xml:77:13-56
86            android:windowSoftInputMode="adjustPan" />
86-->src\main\AndroidManifest.xml:78:13-52
87        <activity
87-->[com.github.chuckerteam.chucker:library:3.4.0] AndroidManifest.xml:16:9-21:52
88            android:name="com.chuckerteam.chucker.internal.ui.MainActivity"
88-->[com.github.chuckerteam.chucker:library:3.4.0] AndroidManifest.xml:17:13-76
89            android:label="@string/chucker_name"
89-->[com.github.chuckerteam.chucker:library:3.4.0] AndroidManifest.xml:18:13-49
90            android:launchMode="singleTask"
90-->[com.github.chuckerteam.chucker:library:3.4.0] AndroidManifest.xml:19:13-44
91            android:taskAffinity="com.chuckerteam.chucker.task"
91-->[com.github.chuckerteam.chucker:library:3.4.0] AndroidManifest.xml:20:13-64
92            android:theme="@style/Chucker.Theme" />
92-->[com.github.chuckerteam.chucker:library:3.4.0] AndroidManifest.xml:21:13-49
93        <activity
93-->[com.github.chuckerteam.chucker:library:3.4.0] AndroidManifest.xml:22:9-25:52
94            android:name="com.chuckerteam.chucker.internal.ui.transaction.TransactionActivity"
94-->[com.github.chuckerteam.chucker:library:3.4.0] AndroidManifest.xml:23:13-95
95            android:parentActivityName="com.chuckerteam.chucker.internal.ui.MainActivity"
95-->[com.github.chuckerteam.chucker:library:3.4.0] AndroidManifest.xml:24:13-90
96            android:theme="@style/Chucker.Theme" />
96-->[com.github.chuckerteam.chucker:library:3.4.0] AndroidManifest.xml:25:13-49
97        <activity
97-->[com.github.chuckerteam.chucker:library:3.4.0] AndroidManifest.xml:26:9-29:52
98            android:name="com.chuckerteam.chucker.internal.ui.throwable.ThrowableActivity"
98-->[com.github.chuckerteam.chucker:library:3.4.0] AndroidManifest.xml:27:13-91
99            android:parentActivityName="com.chuckerteam.chucker.internal.ui.MainActivity"
99-->[com.github.chuckerteam.chucker:library:3.4.0] AndroidManifest.xml:28:13-90
100            android:theme="@style/Chucker.Theme" />
100-->[com.github.chuckerteam.chucker:library:3.4.0] AndroidManifest.xml:29:13-49
101
102        <service
102-->[com.github.chuckerteam.chucker:library:3.4.0] AndroidManifest.xml:31:9-33:40
103            android:name="com.chuckerteam.chucker.internal.support.ClearDatabaseService"
103-->[com.github.chuckerteam.chucker:library:3.4.0] AndroidManifest.xml:32:13-89
104            android:exported="false" />
104-->[com.github.chuckerteam.chucker:library:3.4.0] AndroidManifest.xml:33:13-37
105
106        <provider
106-->[com.github.chuckerteam.chucker:library:3.4.0] AndroidManifest.xml:35:9-43:20
107            android:name="com.chuckerteam.chucker.internal.support.ChuckerFileProvider"
107-->[com.github.chuckerteam.chucker:library:3.4.0] AndroidManifest.xml:36:13-88
108            android:authorities="com.meals.app.com.chuckerteam.chucker.provider"
108-->[com.github.chuckerteam.chucker:library:3.4.0] AndroidManifest.xml:37:13-84
109            android:exported="false"
109-->[com.github.chuckerteam.chucker:library:3.4.0] AndroidManifest.xml:38:13-37
110            android:grantUriPermissions="true" >
110-->[com.github.chuckerteam.chucker:library:3.4.0] AndroidManifest.xml:39:13-47
111            <meta-data
111-->src\main\AndroidManifest.xml:46:13-48:53
112                android:name="android.support.FILE_PROVIDER_PATHS"
112-->src\main\AndroidManifest.xml:47:17-67
113                android:resource="@xml/chucker_provider_paths" />
113-->src\main\AndroidManifest.xml:48:17-50
114        </provider>
115
116        <activity
116-->[com.karumi:dexter:5.0.0] AndroidManifest.xml:27:9-29:72
117            android:name="com.karumi.dexter.DexterActivity"
117-->[com.karumi:dexter:5.0.0] AndroidManifest.xml:28:13-60
118            android:theme="@style/Dexter.Internal.Theme.Transparent" />
118-->[com.karumi:dexter:5.0.0] AndroidManifest.xml:29:13-69
119        <activity
119-->[com.google.android.gms:play-services-base:17.3.0] AndroidManifest.xml:23:9-26:75
120            android:name="com.google.android.gms.common.api.GoogleApiActivity"
120-->[com.google.android.gms:play-services-base:17.3.0] AndroidManifest.xml:24:13-79
121            android:exported="false"
121-->[com.google.android.gms:play-services-base:17.3.0] AndroidManifest.xml:25:13-37
122            android:theme="@android:style/Theme.Translucent.NoTitleBar" />
122-->[com.google.android.gms:play-services-base:17.3.0] AndroidManifest.xml:26:13-72
123
124        <meta-data
124-->[com.google.android.gms:play-services-basement:17.3.0] AndroidManifest.xml:23:9-25:69
125            android:name="com.google.android.gms.version"
125-->[com.google.android.gms:play-services-basement:17.3.0] AndroidManifest.xml:24:13-58
126            android:value="@integer/google_play_services_version" />
126-->[com.google.android.gms:play-services-basement:17.3.0] AndroidManifest.xml:25:13-66
127
128        <service
128-->[androidx.room:room-runtime:2.2.6] AndroidManifest.xml:25:9-28:40
129            android:name="androidx.room.MultiInstanceInvalidationService"
129-->[androidx.room:room-runtime:2.2.6] AndroidManifest.xml:26:13-74
130            android:directBootAware="true"
130-->[androidx.room:room-runtime:2.2.6] AndroidManifest.xml:27:13-43
131            android:exported="false" />
131-->[androidx.room:room-runtime:2.2.6] AndroidManifest.xml:28:13-37
132
133        <provider
133-->[androidx.lifecycle:lifecycle-process:2.2.0] AndroidManifest.xml:25:9-29:43
134            android:name="androidx.lifecycle.ProcessLifecycleOwnerInitializer"
134-->[androidx.lifecycle:lifecycle-process:2.2.0] AndroidManifest.xml:26:13-79
135            android:authorities="com.meals.app.lifecycle-process"
135-->[androidx.lifecycle:lifecycle-process:2.2.0] AndroidManifest.xml:27:13-69
136            android:exported="false"
136-->[androidx.lifecycle:lifecycle-process:2.2.0] AndroidManifest.xml:28:13-37
137            android:multiprocess="true" />
137-->[androidx.lifecycle:lifecycle-process:2.2.0] AndroidManifest.xml:29:13-40
138    </application>
139
140</manifest>